  In file included from linklist.c:2:
  In file included from C:\Program Files (x86)\Microsoft Visual Studio\2019\Community\VC\Tools\MSVC\14.23.28105\include\cstddef:9:
C:\Program Files (x86)\Microsoft Visual Studio\2019\Community\VC\Tools\MSVC\14.23.28105\include\xtr1common(15,1): error : unknown type name 'namespace'
C:\Program Files (x86)\Microsoft Visual Studio\2019\Community\VC\Tools\MSVC\14.23.28105\include\yvals_core.h(927,20): message : expanded from macro '_STD_BEGIN'
C:\Program Files (x86)\Microsoft Visual Studio\2019\Community\VC\Tools\MSVC\14.23.28105\include\yvals_core.h(927,20): message : In file included from linklist.c:2:
C:\Program Files (x86)\Microsoft Visual Studio\2019\Community\VC\Tools\MSVC\14.23.28105\include\yvals_core.h(927,20): message : In file included from C:\Program Files (x86)\Microsoft Visual Studio\2019\Community\VC\Tools\MSVC\14.23.28105\include\cstddef:9:
C:\Program Files (x86)\Microsoft Visual Studio\2019\Community\VC\Tools\MSVC\14.23.28105\include\xtr1common(15,1): error : expected ';' after top level declarator
C:\Program Files (x86)\Microsoft Visual Studio\2019\Community\VC\Tools\MSVC\14.23.28105\include\yvals_core.h(927,34): message : expanded from macro '_STD_BEGIN'
linklist.c(8,23): warning : implicitly declaring library function 'calloc' with type 'void *(unsigned int, unsigned int)' [-Wimplicit-function-declaration]
linklist.c(8,23): message : include the header <stdlib.h> or explicitly provide a declaration for 'calloc'
linklist.c(15,2): warning : implicit declaration of function 'free' is invalid in C99 [-Wimplicit-function-declaration]
linklist.c(29,2): warning : implicit declaration of function 'free' is invalid in C99 [-Wimplicit-function-declaration]
linklist.c(38,2): warning : implicit declaration of function 'assert' is invalid in C99 [-Wimplicit-function-declaration]
linklist.c(66,2): warning : implicit declaration of function 'assert' is invalid in C99 [-Wimplicit-function-declaration]
linklist.c(107,2): warning : implicit declaration of function 'assert' is invalid in C99 [-Wimplicit-function-declaration]
linklist.c(146,2): warning : implicit declaration of function 'assert' is invalid in C99 [-Wimplicit-function-declaration]
linklist.c(174,2): warning : implicit declaration of function 'assert' is invalid in C99 [-Wimplicit-function-declaration]
linklist.c(189,2): warning : implicit declaration of function 'assert' is invalid in C99 [-Wimplicit-function-declaration]
linklist.c(205,2): warning : implicit declaration of function 'assert' is invalid in C99 [-Wimplicit-function-declaration]
linklist.c(216,2): warning : implicit declaration of function 'assert' is invalid in C99 [-Wimplicit-function-declaration]
linklist.c(245,2): warning : implicit declaration of function 'assert' is invalid in C99 [-Wimplicit-function-declaration]
linklist.c(267,2): warning : implicit declaration of function 'assert' is invalid in C99 [-Wimplicit-function-declaration]
