C:\Program Files (x86)\Microsoft Visual Studio\2019\Community\MSBuild\Microsoft\VC\v160\Microsoft.CppBuild.targets(452,5): warning MSB8028: The intermediate directory (Debug\) contains files shared from another project (compiler_homework_04.vcxproj).  This can lead to incorrect clean and rebuild behavior.
symbolTable.c(8,2): warning : 'strcpy' is deprecated: This function or variable may be unsafe. Consider using strcpy_s instead. To disable deprecation, use _CRT_SECURE_NO_WARNINGS. See online help for details. [-Wdeprecated-declarations]
C:\Program Files (x86)\Windows Kits\10\Include\10.0.18362.0\ucrt\string.h(133,1): message : 'strcpy' has been explicitly marked deprecated here
C:\Program Files (x86)\Windows Kits\10\Include\10.0.18362.0\ucrt\corecrt.h(748,5): message : expanded from macro '__DEFINE_CPP_OVERLOAD_STANDARD_FUNC_0_1'
C:\Program Files (x86)\Windows Kits\10\Include\10.0.18362.0\ucrt\corecrt.h(1831,17): message : expanded from macro '__DEFINE_CPP_OVERLOAD_STANDARD_FUNC_0_1_EX'
C:\Program Files (x86)\Microsoft Visual Studio\2019\Community\VC\Tools\MSVC\14.23.28105\include\vcruntime.h(309,55): message : expanded from macro '_CRT_INSECURE_DEPRECATE'
C:\Program Files (x86)\Microsoft Visual Studio\2019\Community\VC\Tools\MSVC\14.23.28105\include\vcruntime.h(299,47): message : expanded from macro '_CRT_DEPRECATE_TEXT'
symbolTable.c(22,3): warning : implicit declaration of function 'error' is invalid in C99 [-Wimplicit-function-declaration]
symbolTable.c(33,3): warning : implicit declaration of function 'error' is invalid in C99 [-Wimplicit-function-declaration]
symbolTable.c(46,3): warning : 'strcpy' is deprecated: This function or variable may be unsafe. Consider using strcpy_s instead. To disable deprecation, use _CRT_SECURE_NO_WARNINGS. See online help for details. [-Wdeprecated-declarations]
C:\Program Files (x86)\Windows Kits\10\Include\10.0.18362.0\ucrt\string.h(133,1): message : 'strcpy' has been explicitly marked deprecated here
C:\Program Files (x86)\Windows Kits\10\Include\10.0.18362.0\ucrt\corecrt.h(748,5): message : expanded from macro '__DEFINE_CPP_OVERLOAD_STANDARD_FUNC_0_1'
C:\Program Files (x86)\Windows Kits\10\Include\10.0.18362.0\ucrt\corecrt.h(1831,17): message : expanded from macro '__DEFINE_CPP_OVERLOAD_STANDARD_FUNC_0_1_EX'
C:\Program Files (x86)\Microsoft Visual Studio\2019\Community\VC\Tools\MSVC\14.23.28105\include\vcruntime.h(309,55): message : expanded from macro '_CRT_INSECURE_DEPRECATE'
C:\Program Files (x86)\Microsoft Visual Studio\2019\Community\VC\Tools\MSVC\14.23.28105\include\vcruntime.h(299,47): message : expanded from macro '_CRT_DEPRECATE_TEXT'
lld-link : warning : /debug:fastlink unsupported; using /debug:full
lld-link : error : undefined symbol: _error
  >>> referenced by E:\vscode-workplace\compiler_homework_04_cpp\compiler_homework_04_cpp\symbolTable.c:22
  >>>               Debug\symbolTable.obj:(_getSymbolType)
  >>> referenced by E:\vscode-workplace\compiler_homework_04_cpp\compiler_homework_04_cpp\symbolTable.c:33
  >>>               Debug\symbolTable.obj:(_getSymbolParaList)
