getsym.c(72,2): warning : 'strcpy' is deprecated: This function or variable may be unsafe. Consider using strcpy_s instead. To disable deprecation, use _CRT_SECURE_NO_WARNINGS. See online help for details. [-Wdeprecated-declarations]
C:\Program Files (x86)\Windows Kits\10\Include\10.0.18362.0\ucrt\string.h(133,1): message : 'strcpy' has been explicitly marked deprecated here
C:\Program Files (x86)\Windows Kits\10\Include\10.0.18362.0\ucrt\corecrt.h(748,5): message : expanded from macro '__DEFINE_CPP_OVERLOAD_STANDARD_FUNC_0_1'
C:\Program Files (x86)\Windows Kits\10\Include\10.0.18362.0\ucrt\corecrt.h(1831,17): message : expanded from macro '__DEFINE_CPP_OVERLOAD_STANDARD_FUNC_0_1_EX'
C:\Program Files (x86)\Microsoft Visual Studio\2019\Community\VC\Tools\MSVC\14.23.28105\include\vcruntime.h(309,55): message : expanded from macro '_CRT_INSECURE_DEPRECATE'
C:\Program Files (x86)\Microsoft Visual Studio\2019\Community\VC\Tools\MSVC\14.23.28105\include\vcruntime.h(299,47): message : expanded from macro '_CRT_DEPRECATE_TEXT'
getsym.c(81,2): warning : 'strcpy' is deprecated: This function or variable may be unsafe. Consider using strcpy_s instead. To disable deprecation, use _CRT_SECURE_NO_WARNINGS. See online help for details. [-Wdeprecated-declarations]
C:\Program Files (x86)\Windows Kits\10\Include\10.0.18362.0\ucrt\string.h(133,1): message : 'strcpy' has been explicitly marked deprecated here
C:\Program Files (x86)\Windows Kits\10\Include\10.0.18362.0\ucrt\corecrt.h(748,5): message : expanded from macro '__DEFINE_CPP_OVERLOAD_STANDARD_FUNC_0_1'
C:\Program Files (x86)\Windows Kits\10\Include\10.0.18362.0\ucrt\corecrt.h(1831,17): message : expanded from macro '__DEFINE_CPP_OVERLOAD_STANDARD_FUNC_0_1_EX'
C:\Program Files (x86)\Microsoft Visual Studio\2019\Community\VC\Tools\MSVC\14.23.28105\include\vcruntime.h(309,55): message : expanded from macro '_CRT_INSECURE_DEPRECATE'
C:\Program Files (x86)\Microsoft Visual Studio\2019\Community\VC\Tools\MSVC\14.23.28105\include\vcruntime.h(299,47): message : expanded from macro '_CRT_DEPRECATE_TEXT'
getsym.c(91,14): warning : 'fopen' is deprecated: This function or variable may be unsafe. Consider using fopen_s instead. To disable deprecation, use _CRT_SECURE_NO_WARNINGS. See online help for details. [-Wdeprecated-declarations]
C:\Program Files (x86)\Windows Kits\10\Include\10.0.18362.0\ucrt\stdio.h(207,20): message : 'fopen' has been explicitly marked deprecated here
C:\Program Files (x86)\Microsoft Visual Studio\2019\Community\VC\Tools\MSVC\14.23.28105\include\vcruntime.h(309,55): message : expanded from macro '_CRT_INSECURE_DEPRECATE'
C:\Program Files (x86)\Microsoft Visual Studio\2019\Community\VC\Tools\MSVC\14.23.28105\include\vcruntime.h(299,47): message : expanded from macro '_CRT_DEPRECATE_TEXT'
getsym.c(92,11): warning : 'fopen' is deprecated: This function or variable may be unsafe. Consider using fopen_s instead. To disable deprecation, use _CRT_SECURE_NO_WARNINGS. See online help for details. [-Wdeprecated-declarations]
C:\Program Files (x86)\Windows Kits\10\Include\10.0.18362.0\ucrt\stdio.h(207,20): message : 'fopen' has been explicitly marked deprecated here
C:\Program Files (x86)\Microsoft Visual Studio\2019\Community\VC\Tools\MSVC\14.23.28105\include\vcruntime.h(309,55): message : expanded from macro '_CRT_INSECURE_DEPRECATE'
C:\Program Files (x86)\Microsoft Visual Studio\2019\Community\VC\Tools\MSVC\14.23.28105\include\vcruntime.h(299,47): message : expanded from macro '_CRT_DEPRECATE_TEXT'
lld-link : warning : /debug:fastlink unsupported; using /debug:full
  compiler_homework_04.vcxproj -> E:\vscode-workplace\compiler_homework_04\Debug\compiler_homework_04.exe
