e:\vscode-workplace\compiler_homework_04\compiler_homework_04\debug\head.obj
e:\vscode-workplace\compiler_homework_04\compiler_homework_04\debug\main.obj
e:\vscode-workplace\compiler_homework_04\compiler_homework_04\debug\getsym.obj
e:\vscode-workplace\compiler_homework_04\compiler_homework_04\debug\symboltable.obj
e:\vscode-workplace\compiler_homework_04\compiler_homework_04\debug\linklist.obj
e:\vscode-workplace\compiler_homework_04\compiler_homework_04\debug\parsing.obj
e:\vscode-workplace\compiler_homework_04\compiler_homework_04\debug\errorhandler.obj
e:\vscode-workplace\compiler_homework_04\debug\compiler_homework_04.pdb
e:\vscode-workplace\compiler_homework_04\debug\compiler_homework_04.exe
e:\vscode-workplace\compiler_homework_04\compiler_homework_04\debug\compiler.fcf7bfbf.tlog\clang-cl.10344.delete.1.tlog
e:\vscode-workplace\compiler_homework_04\compiler_homework_04\debug\compiler.fcf7bfbf.tlog\clang-cl.10352.delete.1.tlog
e:\vscode-workplace\compiler_homework_04\compiler_homework_04\debug\compiler.fcf7bfbf.tlog\clang-cl.10644.delete.1.tlog
e:\vscode-workplace\compiler_homework_04\compiler_homework_04\debug\compiler.fcf7bfbf.tlog\clang-cl.1144.delete.1.tlog
e:\vscode-workplace\compiler_homework_04\compiler_homework_04\debug\compiler.fcf7bfbf.tlog\clang-cl.11440.delete.1.tlog
e:\vscode-workplace\compiler_homework_04\compiler_homework_04\debug\compiler.fcf7bfbf.tlog\clang-cl.11456.delete.1.tlog
e:\vscode-workplace\compiler_homework_04\compiler_homework_04\debug\compiler.fcf7bfbf.tlog\clang-cl.11800.delete.1.tlog
e:\vscode-workplace\compiler_homework_04\compiler_homework_04\debug\compiler.fcf7bfbf.tlog\clang-cl.11944.delete.1.tlog
e:\vscode-workplace\compiler_homework_04\compiler_homework_04\debug\compiler.fcf7bfbf.tlog\clang-cl.12728.delete.1.tlog
e:\vscode-workplace\compiler_homework_04\compiler_homework_04\debug\compiler.fcf7bfbf.tlog\clang-cl.12912.delete.1.tlog
e:\vscode-workplace\compiler_homework_04\compiler_homework_04\debug\compiler.fcf7bfbf.tlog\clang-cl.13244.delete.1.tlog
e:\vscode-workplace\compiler_homework_04\compiler_homework_04\debug\compiler.fcf7bfbf.tlog\clang-cl.13368.delete.1.tlog
e:\vscode-workplace\compiler_homework_04\compiler_homework_04\debug\compiler.fcf7bfbf.tlog\clang-cl.1340.delete.1.tlog
e:\vscode-workplace\compiler_homework_04\compiler_homework_04\debug\compiler.fcf7bfbf.tlog\clang-cl.13428.delete.1.tlog
e:\vscode-workplace\compiler_homework_04\compiler_homework_04\debug\compiler.fcf7bfbf.tlog\clang-cl.13568.delete.1.tlog
e:\vscode-workplace\compiler_homework_04\compiler_homework_04\debug\compiler.fcf7bfbf.tlog\clang-cl.13772.delete.1.tlog
e:\vscode-workplace\compiler_homework_04\compiler_homework_04\debug\compiler.fcf7bfbf.tlog\clang-cl.13776.delete.1.tlog
e:\vscode-workplace\compiler_homework_04\compiler_homework_04\debug\compiler.fcf7bfbf.tlog\clang-cl.14012.delete.1.tlog
e:\vscode-workplace\compiler_homework_04\compiler_homework_04\debug\compiler.fcf7bfbf.tlog\clang-cl.14340.delete.1.tlog
e:\vscode-workplace\compiler_homework_04\compiler_homework_04\debug\compiler.fcf7bfbf.tlog\clang-cl.14364.delete.1.tlog
e:\vscode-workplace\compiler_homework_04\compiler_homework_04\debug\compiler.fcf7bfbf.tlog\clang-cl.14380.delete.1.tlog
e:\vscode-workplace\compiler_homework_04\compiler_homework_04\debug\compiler.fcf7bfbf.tlog\clang-cl.14436.delete.1.tlog
e:\vscode-workplace\compiler_homework_04\compiler_homework_04\debug\compiler.fcf7bfbf.tlog\clang-cl.14464.delete.1.tlog
e:\vscode-workplace\compiler_homework_04\compiler_homework_04\debug\compiler.fcf7bfbf.tlog\clang-cl.14492.delete.1.tlog
e:\vscode-workplace\compiler_homework_04\compiler_homework_04\debug\compiler.fcf7bfbf.tlog\clang-cl.14592.delete.1.tlog
e:\vscode-workplace\compiler_homework_04\compiler_homework_04\debug\compiler.fcf7bfbf.tlog\clang-cl.14604.delete.1.tlog
e:\vscode-workplace\compiler_homework_04\compiler_homework_04\debug\compiler.fcf7bfbf.tlog\clang-cl.14712.delete.1.tlog
e:\vscode-workplace\compiler_homework_04\compiler_homework_04\debug\compiler.fcf7bfbf.tlog\clang-cl.14728.delete.1.tlog
e:\vscode-workplace\compiler_homework_04\compiler_homework_04\debug\compiler.fcf7bfbf.tlog\clang-cl.14756.delete.1.tlog
e:\vscode-workplace\compiler_homework_04\compiler_homework_04\debug\compiler.fcf7bfbf.tlog\clang-cl.14760.delete.1.tlog
e:\vscode-workplace\compiler_homework_04\compiler_homework_04\debug\compiler.fcf7bfbf.tlog\clang-cl.14804.delete.1.tlog
e:\vscode-workplace\compiler_homework_04\compiler_homework_04\debug\compiler.fcf7bfbf.tlog\clang-cl.14812.delete.1.tlog
e:\vscode-workplace\compiler_homework_04\compiler_homework_04\debug\compiler.fcf7bfbf.tlog\clang-cl.14892.delete.1.tlog
e:\vscode-workplace\compiler_homework_04\compiler_homework_04\debug\compiler.fcf7bfbf.tlog\clang-cl.14948.delete.1.tlog
e:\vscode-workplace\compiler_homework_04\compiler_homework_04\debug\compiler.fcf7bfbf.tlog\clang-cl.14964.delete.1.tlog
e:\vscode-workplace\compiler_homework_04\compiler_homework_04\debug\compiler.fcf7bfbf.tlog\clang-cl.15100.delete.1.tlog
e:\vscode-workplace\compiler_homework_04\compiler_homework_04\debug\compiler.fcf7bfbf.tlog\clang-cl.15224.delete.1.tlog
e:\vscode-workplace\compiler_homework_04\compiler_homework_04\debug\compiler.fcf7bfbf.tlog\clang-cl.15280.delete.1.tlog
e:\vscode-workplace\compiler_homework_04\compiler_homework_04\debug\compiler.fcf7bfbf.tlog\clang-cl.15368.delete.1.tlog
e:\vscode-workplace\compiler_homework_04\compiler_homework_04\debug\compiler.fcf7bfbf.tlog\clang-cl.15392.delete.1.tlog
e:\vscode-workplace\compiler_homework_04\compiler_homework_04\debug\compiler.fcf7bfbf.tlog\clang-cl.15520.delete.1.tlog
e:\vscode-workplace\compiler_homework_04\compiler_homework_04\debug\compiler.fcf7bfbf.tlog\clang-cl.15620.delete.1.tlog
e:\vscode-workplace\compiler_homework_04\compiler_homework_04\debug\compiler.fcf7bfbf.tlog\clang-cl.15680.delete.1.tlog
e:\vscode-workplace\compiler_homework_04\compiler_homework_04\debug\compiler.fcf7bfbf.tlog\clang-cl.15764.delete.1.tlog
e:\vscode-workplace\compiler_homework_04\compiler_homework_04\debug\compiler.fcf7bfbf.tlog\clang-cl.15780.delete.1.tlog
e:\vscode-workplace\compiler_homework_04\compiler_homework_04\debug\compiler.fcf7bfbf.tlog\clang-cl.15788.delete.1.tlog
e:\vscode-workplace\compiler_homework_04\compiler_homework_04\debug\compiler.fcf7bfbf.tlog\clang-cl.15852.delete.1.tlog
e:\vscode-workplace\compiler_homework_04\compiler_homework_04\debug\compiler.fcf7bfbf.tlog\clang-cl.15864.delete.1.tlog
e:\vscode-workplace\compiler_homework_04\compiler_homework_04\debug\compiler.fcf7bfbf.tlog\clang-cl.15940.delete.1.tlog
e:\vscode-workplace\compiler_homework_04\compiler_homework_04\debug\compiler.fcf7bfbf.tlog\clang-cl.15992.delete.1.tlog
e:\vscode-workplace\compiler_homework_04\compiler_homework_04\debug\compiler.fcf7bfbf.tlog\clang-cl.16076.delete.1.tlog
e:\vscode-workplace\compiler_homework_04\compiler_homework_04\debug\compiler.fcf7bfbf.tlog\clang-cl.16140.delete.1.tlog
e:\vscode-workplace\compiler_homework_04\compiler_homework_04\debug\compiler.fcf7bfbf.tlog\clang-cl.16156.delete.1.tlog
e:\vscode-workplace\compiler_homework_04\compiler_homework_04\debug\compiler.fcf7bfbf.tlog\clang-cl.16188.delete.1.tlog
e:\vscode-workplace\compiler_homework_04\compiler_homework_04\debug\compiler.fcf7bfbf.tlog\clang-cl.16236.delete.1.tlog
e:\vscode-workplace\compiler_homework_04\compiler_homework_04\debug\compiler.fcf7bfbf.tlog\clang-cl.16240.delete.1.tlog
e:\vscode-workplace\compiler_homework_04\compiler_homework_04\debug\compiler.fcf7bfbf.tlog\clang-cl.16544.delete.1.tlog
e:\vscode-workplace\compiler_homework_04\compiler_homework_04\debug\compiler.fcf7bfbf.tlog\clang-cl.16568.delete.1.tlog
e:\vscode-workplace\compiler_homework_04\compiler_homework_04\debug\compiler.fcf7bfbf.tlog\clang-cl.17256.delete.1.tlog
e:\vscode-workplace\compiler_homework_04\compiler_homework_04\debug\compiler.fcf7bfbf.tlog\clang-cl.17512.delete.1.tlog
e:\vscode-workplace\compiler_homework_04\compiler_homework_04\debug\compiler.fcf7bfbf.tlog\clang-cl.17872.delete.1.tlog
e:\vscode-workplace\compiler_homework_04\compiler_homework_04\debug\compiler.fcf7bfbf.tlog\clang-cl.17912.delete.1.tlog
e:\vscode-workplace\compiler_homework_04\compiler_homework_04\debug\compiler.fcf7bfbf.tlog\clang-cl.17956.delete.1.tlog
e:\vscode-workplace\compiler_homework_04\compiler_homework_04\debug\compiler.fcf7bfbf.tlog\clang-cl.17988.delete.1.tlog
e:\vscode-workplace\compiler_homework_04\compiler_homework_04\debug\compiler.fcf7bfbf.tlog\clang-cl.18172.delete.1.tlog
e:\vscode-workplace\compiler_homework_04\compiler_homework_04\debug\compiler.fcf7bfbf.tlog\clang-cl.18224.delete.1.tlog
e:\vscode-workplace\compiler_homework_04\compiler_homework_04\debug\compiler.fcf7bfbf.tlog\clang-cl.18300.delete.1.tlog
e:\vscode-workplace\compiler_homework_04\compiler_homework_04\debug\compiler.fcf7bfbf.tlog\clang-cl.18316.delete.1.tlog
e:\vscode-workplace\compiler_homework_04\compiler_homework_04\debug\compiler.fcf7bfbf.tlog\clang-cl.18368.delete.1.tlog
e:\vscode-workplace\compiler_homework_04\compiler_homework_04\debug\compiler.fcf7bfbf.tlog\clang-cl.18388.delete.1.tlog
e:\vscode-workplace\compiler_homework_04\compiler_homework_04\debug\compiler.fcf7bfbf.tlog\clang-cl.18704.delete.1.tlog
e:\vscode-workplace\compiler_homework_04\compiler_homework_04\debug\compiler.fcf7bfbf.tlog\clang-cl.18724.delete.1.tlog
e:\vscode-workplace\compiler_homework_04\compiler_homework_04\debug\compiler.fcf7bfbf.tlog\clang-cl.19204.delete.1.tlog
e:\vscode-workplace\compiler_homework_04\compiler_homework_04\debug\compiler.fcf7bfbf.tlog\clang-cl.19252.delete.1.tlog
e:\vscode-workplace\compiler_homework_04\compiler_homework_04\debug\compiler.fcf7bfbf.tlog\clang-cl.19532.delete.1.tlog
e:\vscode-workplace\compiler_homework_04\compiler_homework_04\debug\compiler.fcf7bfbf.tlog\clang-cl.19616.delete.1.tlog
e:\vscode-workplace\compiler_homework_04\compiler_homework_04\debug\compiler.fcf7bfbf.tlog\clang-cl.19652.delete.1.tlog
e:\vscode-workplace\compiler_homework_04\compiler_homework_04\debug\compiler.fcf7bfbf.tlog\clang-cl.19728.delete.1.tlog
e:\vscode-workplace\compiler_homework_04\compiler_homework_04\debug\compiler.fcf7bfbf.tlog\clang-cl.19956.delete.1.tlog
e:\vscode-workplace\compiler_homework_04\compiler_homework_04\debug\compiler.fcf7bfbf.tlog\clang-cl.20124.delete.1.tlog
e:\vscode-workplace\compiler_homework_04\compiler_homework_04\debug\compiler.fcf7bfbf.tlog\clang-cl.20328.delete.1.tlog
e:\vscode-workplace\compiler_homework_04\compiler_homework_04\debug\compiler.fcf7bfbf.tlog\clang-cl.20364.delete.1.tlog
e:\vscode-workplace\compiler_homework_04\compiler_homework_04\debug\compiler.fcf7bfbf.tlog\clang-cl.20656.delete.1.tlog
e:\vscode-workplace\compiler_homework_04\compiler_homework_04\debug\compiler.fcf7bfbf.tlog\clang-cl.21036.delete.1.tlog
e:\vscode-workplace\compiler_homework_04\compiler_homework_04\debug\compiler.fcf7bfbf.tlog\clang-cl.21256.delete.1.tlog
e:\vscode-workplace\compiler_homework_04\compiler_homework_04\debug\compiler.fcf7bfbf.tlog\clang-cl.21812.delete.1.tlog
e:\vscode-workplace\compiler_homework_04\compiler_homework_04\debug\compiler.fcf7bfbf.tlog\clang-cl.2248.delete.1.tlog
e:\vscode-workplace\compiler_homework_04\compiler_homework_04\debug\compiler.fcf7bfbf.tlog\clang-cl.22936.delete.1.tlog
e:\vscode-workplace\compiler_homework_04\compiler_homework_04\debug\compiler.fcf7bfbf.tlog\clang-cl.23072.delete.1.tlog
e:\vscode-workplace\compiler_homework_04\compiler_homework_04\debug\compiler.fcf7bfbf.tlog\clang-cl.23184.delete.1.tlog
e:\vscode-workplace\compiler_homework_04\compiler_homework_04\debug\compiler.fcf7bfbf.tlog\clang-cl.23544.delete.1.tlog
e:\vscode-workplace\compiler_homework_04\compiler_homework_04\debug\compiler.fcf7bfbf.tlog\clang-cl.24264.delete.1.tlog
e:\vscode-workplace\compiler_homework_04\compiler_homework_04\debug\compiler.fcf7bfbf.tlog\clang-cl.24380.delete.1.tlog
e:\vscode-workplace\compiler_homework_04\compiler_homework_04\debug\compiler.fcf7bfbf.tlog\clang-cl.24532.delete.1.tlog
e:\vscode-workplace\compiler_homework_04\compiler_homework_04\debug\compiler.fcf7bfbf.tlog\clang-cl.24540.delete.1.tlog
e:\vscode-workplace\compiler_homework_04\compiler_homework_04\debug\compiler.fcf7bfbf.tlog\clang-cl.25700.delete.1.tlog
e:\vscode-workplace\compiler_homework_04\compiler_homework_04\debug\compiler.fcf7bfbf.tlog\clang-cl.2576.delete.1.tlog
e:\vscode-workplace\compiler_homework_04\compiler_homework_04\debug\compiler.fcf7bfbf.tlog\clang-cl.25780.delete.1.tlog
e:\vscode-workplace\compiler_homework_04\compiler_homework_04\debug\compiler.fcf7bfbf.tlog\clang-cl.25936.delete.1.tlog
e:\vscode-workplace\compiler_homework_04\compiler_homework_04\debug\compiler.fcf7bfbf.tlog\clang-cl.26052.delete.1.tlog
e:\vscode-workplace\compiler_homework_04\compiler_homework_04\debug\compiler.fcf7bfbf.tlog\clang-cl.26060.delete.1.tlog
e:\vscode-workplace\compiler_homework_04\compiler_homework_04\debug\compiler.fcf7bfbf.tlog\clang-cl.26520.delete.1.tlog
e:\vscode-workplace\compiler_homework_04\compiler_homework_04\debug\compiler.fcf7bfbf.tlog\clang-cl.26816.delete.1.tlog
e:\vscode-workplace\compiler_homework_04\compiler_homework_04\debug\compiler.fcf7bfbf.tlog\clang-cl.28488.delete.1.tlog
e:\vscode-workplace\compiler_homework_04\compiler_homework_04\debug\compiler.fcf7bfbf.tlog\clang-cl.28612.delete.1.tlog
e:\vscode-workplace\compiler_homework_04\compiler_homework_04\debug\compiler.fcf7bfbf.tlog\clang-cl.2892.delete.1.tlog
e:\vscode-workplace\compiler_homework_04\compiler_homework_04\debug\compiler.fcf7bfbf.tlog\clang-cl.2928.delete.1.tlog
e:\vscode-workplace\compiler_homework_04\compiler_homework_04\debug\compiler.fcf7bfbf.tlog\clang-cl.3076.delete.1.tlog
e:\vscode-workplace\compiler_homework_04\compiler_homework_04\debug\compiler.fcf7bfbf.tlog\clang-cl.3124.delete.1.tlog
e:\vscode-workplace\compiler_homework_04\compiler_homework_04\debug\compiler.fcf7bfbf.tlog\clang-cl.3296.delete.1.tlog
e:\vscode-workplace\compiler_homework_04\compiler_homework_04\debug\compiler.fcf7bfbf.tlog\clang-cl.492.delete.1.tlog
e:\vscode-workplace\compiler_homework_04\compiler_homework_04\debug\compiler.fcf7bfbf.tlog\clang-cl.4952.delete.1.tlog
e:\vscode-workplace\compiler_homework_04\compiler_homework_04\debug\compiler.fcf7bfbf.tlog\clang-cl.5588.delete.1.tlog
e:\vscode-workplace\compiler_homework_04\compiler_homework_04\debug\compiler.fcf7bfbf.tlog\clang-cl.5612.delete.1.tlog
e:\vscode-workplace\compiler_homework_04\compiler_homework_04\debug\compiler.fcf7bfbf.tlog\clang-cl.5652.delete.1.tlog
e:\vscode-workplace\compiler_homework_04\compiler_homework_04\debug\compiler.fcf7bfbf.tlog\clang-cl.5932.delete.1.tlog
e:\vscode-workplace\compiler_homework_04\compiler_homework_04\debug\compiler.fcf7bfbf.tlog\clang-cl.6264.delete.1.tlog
e:\vscode-workplace\compiler_homework_04\compiler_homework_04\debug\compiler.fcf7bfbf.tlog\clang-cl.6616.delete.1.tlog
e:\vscode-workplace\compiler_homework_04\compiler_homework_04\debug\compiler.fcf7bfbf.tlog\clang-cl.6628.delete.1.tlog
e:\vscode-workplace\compiler_homework_04\compiler_homework_04\debug\compiler.fcf7bfbf.tlog\clang-cl.7392.delete.1.tlog
e:\vscode-workplace\compiler_homework_04\compiler_homework_04\debug\compiler.fcf7bfbf.tlog\clang-cl.7580.delete.1.tlog
e:\vscode-workplace\compiler_homework_04\compiler_homework_04\debug\compiler.fcf7bfbf.tlog\clang-cl.7600.delete.1.tlog
e:\vscode-workplace\compiler_homework_04\compiler_homework_04\debug\compiler.fcf7bfbf.tlog\clang-cl.7956.delete.1.tlog
e:\vscode-workplace\compiler_homework_04\compiler_homework_04\debug\compiler.fcf7bfbf.tlog\clang-cl.8356.delete.1.tlog
e:\vscode-workplace\compiler_homework_04\compiler_homework_04\debug\compiler.fcf7bfbf.tlog\clang-cl.8372.delete.1.tlog
e:\vscode-workplace\compiler_homework_04\compiler_homework_04\debug\compiler.fcf7bfbf.tlog\clang-cl.8408.delete.1.tlog
e:\vscode-workplace\compiler_homework_04\compiler_homework_04\debug\compiler.fcf7bfbf.tlog\clang-cl.8536.delete.1.tlog
e:\vscode-workplace\compiler_homework_04\compiler_homework_04\debug\compiler.fcf7bfbf.tlog\clang-cl.8636.delete.1.tlog
e:\vscode-workplace\compiler_homework_04\compiler_homework_04\debug\compiler.fcf7bfbf.tlog\clang-cl.8688.delete.1.tlog
e:\vscode-workplace\compiler_homework_04\compiler_homework_04\debug\compiler.fcf7bfbf.tlog\clang-cl.8964.delete.1.tlog
e:\vscode-workplace\compiler_homework_04\compiler_homework_04\debug\compiler.fcf7bfbf.tlog\clang-cl.8968.delete.1.tlog
e:\vscode-workplace\compiler_homework_04\compiler_homework_04\debug\compiler.fcf7bfbf.tlog\clang-cl.9376.delete.1.tlog
e:\vscode-workplace\compiler_homework_04\compiler_homework_04\debug\compiler.fcf7bfbf.tlog\clang-cl.9580.delete.1.tlog
e:\vscode-workplace\compiler_homework_04\compiler_homework_04\debug\compiler.fcf7bfbf.tlog\clang-cl.9768.delete.1.tlog
e:\vscode-workplace\compiler_homework_04\compiler_homework_04\debug\compiler.fcf7bfbf.tlog\clang-cl.9864.delete.1.tlog
e:\vscode-workplace\compiler_homework_04\compiler_homework_04\debug\compiler.fcf7bfbf.tlog\clang-cl.9952.delete.1.tlog
e:\vscode-workplace\compiler_homework_04\compiler_homework_04\debug\compiler.fcf7bfbf.tlog\clang-cl.command.1.tlog
e:\vscode-workplace\compiler_homework_04\compiler_homework_04\debug\compiler.fcf7bfbf.tlog\clang-cl.read.1.tlog
e:\vscode-workplace\compiler_homework_04\compiler_homework_04\debug\compiler.fcf7bfbf.tlog\clang-cl.write.1.tlog
e:\vscode-workplace\compiler_homework_04\compiler_homework_04\debug\compiler.fcf7bfbf.tlog\lld-link.command.1.tlog
e:\vscode-workplace\compiler_homework_04\compiler_homework_04\debug\compiler.fcf7bfbf.tlog\lld-link.delete.1.tlog
e:\vscode-workplace\compiler_homework_04\compiler_homework_04\debug\compiler.fcf7bfbf.tlog\lld-link.read.1.tlog
e:\vscode-workplace\compiler_homework_04\compiler_homework_04\debug\compiler.fcf7bfbf.tlog\lld-link.write.1.tlog
