parsing.c(425,27): warning : incompatible integer to pointer conversion passing 'int' to parameter of type 'char *' [-Wint-conversion]
./medi.h(58,37): message : passing argument to parameter 'n2' here
parsing.c(409,41): warning : variable 'itm_name' is uninitialized when used here [-Wuninitialized]
parsing.c(399,17): message : initialize the variable 'itm_name' to silence this warning
parsing.c(476,27): warning : incompatible integer to pointer conversion passing 'int' to parameter of type 'char *' [-Wint-conversion]
./medi.h(58,37): message : passing argument to parameter 'n2' here
parsing.c(460,43): warning : variable 'fac_name' is uninitialized when used here [-Wuninitialized]
parsing.c(455,17): message : initialize the variable 'fac_name' to silence this warning
parsing.c(551,52): warning : variable 'index_name' is uninitialized when used here [-Wuninitialized]
parsing.c(549,21): message : initialize the variable 'index_name' to silence this warning
parsing.c(723,51): warning : variable 'index_name' is uninitialized when used here [-Wuninitialized]
parsing.c(705,19): message : initialize the variable 'index_name' to silence this warning
parsing.c(712,46): warning : variable 'name' is uninitialized when used here [-Wuninitialized]
parsing.c(700,13): message : initialize the variable 'name' to silence this warning
parsing.c(766,40): warning : variable 'cond_name' is uninitialized when used here [-Wuninitialized]
parsing.c(760,18): message : initialize the variable 'cond_name' to silence this warning
parsing.c(798,36): warning : variable 'left_name' is uninitialized when used here [-Wuninitialized]
parsing.c(796,18): message : initialize the variable 'left_name' to silence this warning
parsing.c(813,37): warning : variable 'right_name' is uninitialized when used here [-Wuninitialized]
parsing.c(811,20): message : initialize the variable 'right_name' to silence this warning
parsing.c(863,33): warning : incompatible pointer types passing 'char [128]' to parameter of type 'SymbolTable_t *' (aka 'struct symbolTable *') [-Wincompatible-pointer-types]
./medi.h(28,32): message : passing argument to parameter 'func_item' here
parsing.c(864,32): warning : incompatible pointer types passing 'char [128]' to parameter of type 'SymbolTable_t *' (aka 'struct symbolTable *') [-Wincompatible-pointer-types]
./medi.h(28,32): message : passing argument to parameter 'func_item' here
parsing.c(868,41): warning : variable 'cond_name' is uninitialized when used here [-Wuninitialized]
parsing.c(855,18): message : initialize the variable 'cond_name' to silence this warning
parsing.c(988,50): warning : variable 'name' is uninitialized when used here [-Wuninitialized]
parsing.c(986,15): message : initialize the variable 'name' to silence this warning
parsing.c(1099,61): warning : variable 'print_name' is uninitialized when used here [-Wuninitialized]
parsing.c(1096,20): message : initialize the variable 'print_name' to silence this warning
parsing.c(1127,59): warning : variable 'return_name' is uninitialized when used here [-Wuninitialized]
parsing.c(1123,21): message : initialize the variable 'return_name' to silence this warning
lld-link : warning : /debug:fastlink unsupported; using /debug:full
  compiler_homework_05.vcxproj -> E:\vscode-workplace\compiler_homework_05\Debug\compiler_homework_05.exe
